2017-05-02 12:46:53,905 ERROR [ModalContext] - System.err - [org.eclipse.jdt.launching] error can't determine modifiers of missing type org.eclipse.pde.internal.ui.wizards.imports.PluginImportHelper
when weaving type org.eclipse.jdt.internal.launching.JREContainerInitializer
when weaving classes 
when weaving 
 [Xlint:cantFindType]
2017-05-02 12:47:02,210  WARN [ModalContext] - ScalaProject - Project SparkStreaming has platform default sourceLevel.
2017-05-02 12:47:02,211  WARN [ModalContext] - ScalaProject - Project SparkStreaming runs on platform default installation.
2017-05-02 12:47:06,175  WARN [ModalContext] - ScalaProject - Project SparkStreaming has platform default sourceLevel.
2017-05-02 12:47:06,175  WARN [ModalContext] - ScalaProject - Project SparkStreaming runs on platform default installation.
2017-05-02 12:47:07,457  WARN [Worker-0] - ScalaProject - Project SparkStreaming has platform default sourceLevel.
2017-05-02 12:47:07,460  WARN [Worker-0] - ScalaProject - Project SparkStreaming runs on platform default installation.
2017-05-02 12:47:07,903  WARN [Worker-0] - ScalaProject - Project SparkStreaming has platform default sourceLevel.
2017-05-02 12:47:07,903  WARN [Worker-0] - ScalaProject - Project SparkStreaming runs on platform default installation.
2017-05-02 12:47:08,451  WARN [Worker-0] - ScalaProject - Project SparkStreaming has platform default sourceLevel.
2017-05-02 12:47:08,452  WARN [Worker-0] - ScalaProject - Project SparkStreaming runs on platform default installation.
2017-05-02 12:47:09,579  WARN [Worker-14] - ScalaProject - Project SparkStreaming has platform default sourceLevel.
2017-05-02 12:47:09,579  WARN [Worker-14] - ScalaProject - Project SparkStreaming runs on platform default installation.
2017-05-02 12:47:12,285  WARN [Worker-10] - ScalaProject - Project SparkStreaming has platform default sourceLevel.
2017-05-02 12:47:12,285  WARN [Worker-10] - ScalaProject - Project SparkStreaming runs on platform default installation.
2017-05-02 12:47:54,535  WARN [Worker-4] - ScalaProject - Project SparkStreaming has platform default sourceLevel.
2017-05-02 12:47:54,539  WARN [Worker-4] - ScalaProject - Project SparkStreaming runs on platform default installation.
2017-05-02 12:48:10,970 ERROR [main] - System.err - [org.eclipse.jdt.debug.ui] error can't determine modifiers of missing type org.eclipse.pde.internal.ui.wizards.imports.PluginImportHelper
when weaving type org.eclipse.jdt.internal.debug.ui.actions.ToggleBreakpointAdapter
when weaving classes 
when weaving 
 [Xlint:cantFindType]
2017-05-02 12:48:11,131 ERROR [main] - System.err - [org.eclipse.jdt.debug] error can't determine modifiers of missing type org.eclipse.pde.internal.ui.wizards.imports.PluginImportHelper
when weaving type org.eclipse.jdt.debug.core.IJavaHotCodeReplaceListener
when weaving classes 
when weaving 
 [Xlint:cantFindType]
2017-05-02 12:48:16,771  WARN [org.scalaide.ui.internal.reconciliation.ScalaReconciler] - CallByNameParamAtCreationPresenter - Timeout while waiting for `askLoadedTyped` during semantic highlighting.
